<?xml version="1.0" encoding="UTF-8"?>
<!-- Generated by org.testng.reporters.JUnitReportReporter -->
<testsuite hostname="Virtual-Warrior" failures="0" tests="1" name="Stest.MavenSelinum.AppTest" time="0.008" errors="0" timestamp="07 Aug 2020 09:44:59 GMT" skipped="0">
  <testcase classname="Stest.MavenSelinum.AppTest" name="shouldAnswerWithTrue" time="0.008"/>
</testsuite> <!-- Stest.MavenSelinum.AppTest -->
